0 info it worked if it ends with ok
1 verbose cli [ 'C:\\Program Files\\nodejs\\node.exe',
1 verbose cli   'C:\\Program Files\\nodejs\\node_modules\\npm\\bin\\npm-cli.js',
1 verbose cli   'run',
1 verbose cli   'server' ]
2 info using npm@3.10.10
3 info using node@v6.9.5
4 verbose run-script [ 'preserver', 'server', 'postserver' ]
5 info lifecycle hangman@1.0.0~preserver: hangman@1.0.0
6 silly lifecycle hangman@1.0.0~preserver: no script for preserver, continuing
7 info lifecycle hangman@1.0.0~server: hangman@1.0.0
8 verbose lifecycle hangman@1.0.0~server: unsafe-perm in lifecycle true
9 verbose lifecycle hangman@1.0.0~server: PATH: C:\Program Files\nodejs\node_modules\npm\bin\node-gyp-bin;C:\Users\holtz\Desktop\project\LearnMERN\node_modules\.bin;C:\ProgramData\Oracle\Java\javapath;C:\Program Files (x86)\Intel\iCLS Client\;C:\Program Files\Intel\iCLS Client\;C:\Windows\system32;C:\Windows;C:\Windows\System32\Wbem;C:\Windows\System32\WindowsPowerShell\v1.0\;C:\Program Files (x86)\Intel\Intel(R) Management Engine Components\DAL;C:\Program Files\Intel\Intel(R) Management Engine Components\DAL;C:\Program Files (x86)\Intel\Intel(R) Management Engine Components\IPT;C:\Program Files\Intel\Intel(R) Management Engine Components\IPT;C:\Program Files (x86)\NVIDIA Corporation\PhysX\Common;C:\Program Files\Intel\WiFi\bin\;C:\Program Files\Common Files\Intel\WirelessCommon\;C:\Program Files\nodejs\;C:\Program Files (x86)\GtkSharp\2.12\bin;C:\Program Files (x86)\Windows Kits\10\Windows Performance Toolkit\;C:\WINDOWS\system32;C:\WINDOWS;C:\WINDOWS\System32\Wbem;C:\WINDOWS\System32\WindowsPowerShell\v1.0\;C:\wamp64\bin\php\php7.0.10;C:\ProgramData\ComposerSetup\bin;C:\Program Files\Java\jdk1.8.0_131\bin;C:\xampp\apache\bin;C:\Program Files\dotnet\;C:\Program Files\Microsoft SQL Server\130\Tools\Binn\;C:\Program Files\Git\cmd;C:\Users\holtz\AppData\Local\Microsoft\WindowsApps;C:\Users\holtz\AppData\Local\atom\bin;C:\Program Files\Heroku\bin;C:\Users\holtz\AppData\Roaming\npm;C:\Program Files\MongoDB\Server\3.4\bin;C:\Users\holtz\AppData\Local\Android\sdk\platform-tools;C:\Users\holtz\AppData\Local\Android\sdk\tools;C:\Users\holtz\AppData\Local\Microsoft\WindowsApps;C:\Users\holtz\AppData\Roaming\Composer\vendor\bin;C:\Program Files\Java\jdk1.8.0_131\bin;%DASHLANE_DLL_DIR%
10 verbose lifecycle hangman@1.0.0~server: CWD: C:\Users\holtz\Desktop\project\LearnMERN
11 silly lifecycle hangman@1.0.0~server: Args: [ '/d /s /c', 'nodemon server.js' ]
12 silly lifecycle hangman@1.0.0~server: Returned: code: 3221225786  signal: null
13 info lifecycle hangman@1.0.0~server: Failed to exec server script
14 verbose stack Error: hangman@1.0.0 server: `nodemon server.js`
14 verbose stack Exit status 3221225786
14 verbose stack     at EventEmitter.<anonymous> (C:\Program Files\nodejs\node_modules\npm\lib\utils\lifecycle.js:255:16)
14 verbose stack     at emitTwo (events.js:106:13)
14 verbose stack     at EventEmitter.emit (events.js:191:7)
14 verbose stack     at ChildProcess.<anonymous> (C:\Program Files\nodejs\node_modules\npm\lib\utils\spawn.js:40:14)
14 verbose stack     at emitTwo (events.js:106:13)
14 verbose stack     at ChildProcess.emit (events.js:191:7)
14 verbose stack     at maybeClose (internal/child_process.js:877:16)
14 verbose stack     at Process.ChildProcess._handle.onexit (internal/child_process.js:226:5)
15 verbose pkgid hangman@1.0.0
16 verbose cwd C:\Users\holtz\Desktop\project\LearnMERN
17 error Windows_NT 10.0.16299
18 error argv "C:\\Program Files\\nodejs\\node.exe" "C:\\Program Files\\nodejs\\node_modules\\npm\\bin\\npm-cli.js" "run" "server"
19 error node v6.9.5
20 error npm  v3.10.10
21 error code ELIFECYCLE
22 error hangman@1.0.0 server: `nodemon server.js`
22 error Exit status 3221225786
23 error Failed at the hangman@1.0.0 server script 'nodemon server.js'.
23 error Make sure you have the latest version of node.js and npm installed.
23 error If you do, this is most likely a problem with the hangman package,
23 error not with npm itself.
23 error Tell the author that this fails on your system:
23 error     nodemon server.js
23 error You can get information on how to open an issue for this project with:
23 error     npm bugs hangman
23 error Or if that isn't available, you can get their info via:
23 error     npm owner ls hangman
23 error There is likely additional logging output above.
24 verbose exit [ 1, true ]
